# JRE version: Java(TM) SE Runtime Environment (8.0_65-b17) (build 1.8.0_65-b17)
# Java VM: Java HotSpot(TM) 64-Bit Server VM (25.65-b01 mixed mode windows-amd64 compressed oops)
Heap:
 PSYoungGen      total 38400K, used 22874K [0x00000000d5c00000, 0x00000000d8680000, 0x0000000100000000)
  eden space 33280K, 63% used [0x00000000d5c00000,0x00000000d709edf0,0x00000000d7c80000)
  from space 5120K, 34% used [0x00000000d7c80000,0x00000000d7e37b38,0x00000000d8180000)
  to   space 5120K, 0% used [0x00000000d8180000,0x00000000d8180000,0x00000000d8680000)
 ParOldGen       total 50688K, used 11750K [0x0000000081400000, 0x0000000084580000, 0x00000000d5c00000)
  object space 50688K, 23% used [0x0000000081400000,0x0000000081f799b8,0x0000000084580000)
 Metaspace       used 23025K, capacity 23304K, committed 23808K, reserved 1071104K
  class space    used 2862K, capacity 2950K, committed 3072K, reserved 1048576K
GC Heap History (8 events):
Event: 1.854 GC heap before
{Heap before GC invocations=1 (full 0):
 PSYoungGen      total 38400K, used 32334K [0x00000000d5c00000, 0x00000000d8680000, 0x0000000100000000)
  eden space 33280K, 97% used [0x00000000d5c00000,0x00000000d7b938b8,0x00000000d7c80000)
  from space 5120K, 0% used [0x00000000d8180000,0x00000000d8180000,0x00000000d8680000)
  to   space 5120K, 0% used [0x00000000d7c80000,0x00000000d7c80000,0x00000000d8180000)
 ParOldGen       total 87552K, used 0K [0x0000000081400000, 0x0000000086980000, 0x00000000d5c00000)
  object space 87552K, 0% used [0x0000000081400000,0x0000000081400000,0x0000000086980000)
 Metaspace       used 19855K, capacity 20102K, committed 20352K, reserved 1067008K
  class space    used 2554K, capacity 2655K, committed 2688K, reserved 1048576K
Event: 1.862 GC heap after
Heap after GC invocations=1 (full 0):
 PSYoungGen      total 38400K, used 5106K [0x00000000d5c00000, 0x00000000d8680000, 0x0000000100000000)
  eden space 33280K, 0% used [0x00000000d5c00000,0x00000000d5c00000,0x00000000d7c80000)
  from space 5120K, 99% used [0x00000000d7c80000,0x00000000d817c8a8,0x00000000d8180000)
  to   space 5120K, 0% used [0x00000000d8180000,0x00000000d8180000,0x00000000d8680000)
 ParOldGen       total 87552K, used 4840K [0x0000000081400000, 0x0000000086980000, 0x00000000d5c00000)
  object space 87552K, 5% used [0x0000000081400000,0x00000000818ba268,0x0000000086980000)
 Metaspace       used 19855K, capacity 20102K, committed 20352K, reserved 1067008K
  class space    used 2554K, capacity 2655K, committed 2688K, reserved 1048576K
}
Event: 14.638 GC heap before
{Heap before GC invocations=2 (full 0):
 PSYoungGen      total 38400K, used 20332K [0x00000000d5c00000, 0x00000000d8680000, 0x0000000100000000)
  eden space 33280K, 45% used [0x00000000d5c00000,0x00000000d6ade758,0x00000000d7c80000)
  from space 5120K, 99% used [0x00000000d7c80000,0x00000000d817c8a8,0x00000000d8180000)
  to   space 5120K, 0% used [0x00000000d8180000,0x00000000d8180000,0x00000000d8680000)
 ParOldGen       total 87552K, used 4840K [0x0000000081400000, 0x0000000086980000, 0x00000000d5c00000)
  object space 87552K, 5% used [0x0000000081400000,0x00000000818ba268,0x0000000086980000)
 Metaspace       used 20743K, capacity 20976K, committed 21248K, reserved 1067008K
  class space    used 2650K, capacity 2754K, committed 2816K, reserved 1048576K
Event: 14.648 GC heap after
Heap after GC invocations=2 (full 0):
 PSYoungGen      total 38400K, used 5091K [0x00000000d5c00000, 0x00000000d8680000, 0x0000000100000000)
  eden space 33280K, 0% used [0x00000000d5c00000,0x00000000d5c00000,0x00000000d7c80000)
  from space 5120K, 99% used [0x00000000d8180000,0x00000000d8678cd0,0x00000000d8680000)
  to   space 5120K, 0% used [0x00000000d7c80000,0x00000000d7c80000,0x00000000d8180000)
 ParOldGen       total 87552K, used 7997K [0x0000000081400000, 0x0000000086980000, 0x00000000d5c00000)
  object space 87552K, 9% used [0x0000000081400000,0x0000000081bcf580,0x0000000086980000)
 Metaspace       used 20743K, capacity 20976K, committed 21248K, reserved 1067008K
  class space    used 2650K, capacity 2754K, committed 2816K, reserved 1048576K
}
Event: 14.648 GC heap before
{Heap before GC invocations=3 (full 1):
 PSYoungGen      total 38400K, used 5091K [0x00000000d5c00000, 0x00000000d8680000, 0x0000000100000000)
  eden space 33280K, 0% used [0x00000000d5c00000,0x00000000d5c00000,0x00000000d7c80000)
  from space 5120K, 99% used [0x00000000d8180000,0x00000000d8678cd0,0x00000000d8680000)
  to   space 5120K, 0% used [0x00000000d7c80000,0x00000000d7c80000,0x00000000d8180000)
 ParOldGen       total 87552K, used 7997K [0x0000000081400000, 0x0000000086980000, 0x00000000d5c00000)
  object space 87552K, 9% used [0x0000000081400000,0x0000000081bcf580,0x0000000086980000)
 Metaspace       used 20743K, capacity 20976K, committed 21248K, reserved 1067008K
  class space    used 2650K, capacity 2754K, committed 2816K, reserved 1048576K
Event: 14.689 GC heap after
Heap after GC invocations=3 (full 1):
 PSYoungGen      total 38400K, used 0K [0x00000000d5c00000, 0x00000000d8680000, 0x0000000100000000)
  eden space 33280K, 0% used [0x00000000d5c00000,0x00000000d5c00000,0x00000000d7c80000)
  from space 5120K, 0% used [0x00000000d8180000,0x00000000d8180000,0x00000000d8680000)
  to   space 5120K, 0% used [0x00000000d7c80000,0x00000000d7c80000,0x00000000d8180000)
 ParOldGen       total 50688K, used 11742K [0x0000000081400000, 0x0000000084580000, 0x00000000d5c00000)
  object space 50688K, 23% used [0x0000000081400000,0x0000000081f779b8,0x0000000084580000)
 Metaspace       used 20743K, capacity 20976K, committed 21248K, reserved 1067008K
  class space    used 2650K, capacity 2754K, committed 2816K, reserved 1048576K
}
Event: 267.810 GC heap before
{Heap before GC invocations=4 (full 1):
 PSYoungGen      total 38400K, used 33280K [0x00000000d5c00000, 0x00000000d8680000, 0x0000000100000000)
  eden space 33280K, 100% used [0x00000000d5c00000,0x00000000d7c80000,0x00000000d7c80000)
  from space 5120K, 0% used [0x00000000d8180000,0x00000000d8180000,0x00000000d8680000)
  to   space 5120K, 0% used [0x00000000d7c80000,0x00000000d7c80000,0x00000000d8180000)
 ParOldGen       total 50688K, used 11742K [0x0000000081400000, 0x0000000084580000, 0x00000000d5c00000)
  object space 50688K, 23% used [0x0000000081400000,0x0000000081f779b8,0x0000000084580000)
 Metaspace       used 22722K, capacity 22984K, committed 23552K, reserved 1069056K
  class space    used 2853K, capacity 2950K, committed 3072K, reserved 1048576K
Event: 267.814 GC heap after
Heap after GC invocations=4 (full 1):
 PSYoungGen      total 38400K, used 1758K [0x00000000d5c00000, 0x00000000d8680000, 0x0000000100000000)
  eden space 33280K, 0% used [0x00000000d5c00000,0x00000000d5c00000,0x00000000d7c80000)
  from space 5120K, 34% used [0x00000000d7c80000,0x00000000d7e37b38,0x00000000d8180000)
  to   space 5120K, 0% used [0x00000000d8180000,0x00000000d8180000,0x00000000d8680000)
 ParOldGen       total 50688K, used 11750K [0x0000000081400000, 0x0000000084580000, 0x00000000d5c00000)
  object space 50688K, 23% used [0x0000000081400000,0x0000000081f799b8,0x0000000084580000)
 Metaspace       used 22722K, capacity 22984K, committed 23552K, reserved 1069056K
  class space    used 2853K, capacity 2950K, committed 3072K, reserved 1048576K
}

